<?xml version="1.0" encoding="UTF-8"?>
<!-- Generated by org.testng.reporters.JUnitReportReporter -->
<testsuite hostname="DESKTOP-IAADVH5" failures="0" tests="2" name="Runner.UpdateAccountRunner" time="18.729" errors="0" timestamp="2025-03-21T14:26:12 IST" skipped="0">
  <testcase classname="Runner.UpdateAccountRunner" name="runScenario" time="14.423"/>
  <testcase classname="Runner.UpdateAccountRunner" name="runScenario" time="4.306"/>
</testsuite> <!-- Runner.UpdateAccountRunner -->
