<?xml version="1.0" encoding="UTF-8"?>
<!-- Generated by org.testng.reporters.JUnitReportReporter -->
<testsuite hostname="DESKTOP-IAADVH5" failures="0" tests="1" name="Ques2.JquerryDemoTest" time="3.317" errors="0" timestamp="2025-03-11T18:08:24 IST" skipped="0">
  <testcase classname="Ques2.JquerryDemoTest" name="f2" time="3.317"/>
</testsuite> <!-- Ques2.JquerryDemoTest -->
