<?xml version="1.0" encoding="UTF-8"?>
<!-- Generated by org.testng.reporters.JUnitReportReporter -->
<testsuite hostname="DESKTOP-IAADVH5" failures="0" tests="1" name="Runner.HomePageRunner" time="0.232" errors="0" timestamp="2025-03-19T17:20:28 IST" skipped="0">
  <testcase classname="Runner.HomePageRunner" name="runScenario" time="0.232"/>
</testsuite> <!-- Runner.HomePageRunner -->
