<?xml version="1.0" encoding="UTF-8"?>
<!-- Generated by org.testng.reporters.JUnitReportReporter -->
<testsuite hostname="DESKTOP-IAADVH5" failures="0" tests="2" name="Runner.UpdateCartPageRunner" time="3.591" errors="0" timestamp="2025-03-21T15:08:18 IST" skipped="0">
  <testcase classname="Runner.UpdateCartPageRunner" name="runScenario" time="3.575"/>
  <testcase classname="Runner.UpdateCartPageRunner" name="runScenario" time="0.016"/>
</testsuite> <!-- Runner.UpdateCartPageRunner -->
