<?xml version="1.0" encoding="UTF-8"?>
<!-- Generated by org.testng.reporters.JUnitReportReporter -->
<testsuite hostname="DESKTOP-IAADVH5" failures="0" tests="1" name="Runner.CheckOutRunner" time="3.710" errors="0" timestamp="2025-03-21T15:08:18 IST" skipped="0">
  <testcase classname="Runner.CheckOutRunner" name="runScenario" time="3.710"/>
</testsuite> <!-- Runner.CheckOutRunner -->
