<?xml version="1.0" encoding="UTF-8"?>
<!-- Generated by org.testng.reporters.JUnitReportReporter -->
<testsuite hostname="DESKTOP-IAADVH5" failures="0" tests="3" name="Runner.ProductDetailsRunner" time="9.250" errors="0" timestamp="2025-03-21T15:08:18 IST" skipped="0">
  <testcase classname="Runner.ProductDetailsRunner" name="runScenario" time="4.106"/>
  <testcase classname="Runner.ProductDetailsRunner" name="runScenario" time="2.138"/>
  <testcase classname="Runner.ProductDetailsRunner" name="runScenario" time="3.006"/>
</testsuite> <!-- Runner.ProductDetailsRunner -->
