<?xml version="1.0" encoding="UTF-8"?>
<!-- Generated by org.testng.reporters.JUnitReportReporter -->
<testsuite hostname="DESKTOP-IAADVH5" failures="0" tests="3" name="Runner.ProductDetailsRunner" time="12.929" errors="0" timestamp="2025-03-21T15:16:34 IST" skipped="0">
  <testcase classname="Runner.ProductDetailsRunner" name="runScenario" time="6.147"/>
  <testcase classname="Runner.ProductDetailsRunner" name="runScenario" time="3.014"/>
  <testcase classname="Runner.ProductDetailsRunner" name="runScenario" time="3.768"/>
</testsuite> <!-- Runner.ProductDetailsRunner -->
