<?xml version="1.0" encoding="UTF-8"?>
<!-- Generated by org.testng.reporters.JUnitReportReporter -->
<testsuite hostname="DESKTOP-IAADVH5" failures="0" tests="1" name="Runner.RegisterRunner" time="13.201" errors="0" timestamp="2025-03-21T15:16:34 IST" skipped="0">
  <testcase classname="Runner.RegisterRunner" name="runScenario" time="13.201"/>
</testsuite> <!-- Runner.RegisterRunner -->
